# JRE version: OpenJDK Runtime Environment (8.0_152-b01) (build 1.8.0_152-release-1343-b01)
# Java VM: OpenJDK 64-Bit Server VM (25.152-b01 mixed mode windows-amd64 compressed oops)
Heap:
 PSYoungGen      total 419840K, used 129853K [0x00000000e0000000, 0x00000000fd500000, 0x0000000100000000)
  eden space 387072K, 27% used [0x00000000e0000000,0x00000000e6854300,0x00000000f7a00000)
  from space 32768K, 70% used [0x00000000f7a00000,0x00000000f907b140,0x00000000f9a00000)
  to   space 33792K, 0% used [0x00000000fb400000,0x00000000fb400000,0x00000000fd500000)
 ParOldGen       total 248832K, used 84017K [0x00000000a0000000, 0x00000000af300000, 0x00000000e0000000)
  object space 248832K, 33% used [0x00000000a0000000,0x00000000a520c788,0x00000000af300000)
 Metaspace       used 102671K, capacity 107740K, committed 107904K, reserved 1142784K
  class space    used 12895K, capacity 13870K, committed 13952K, reserved 1048576K
GC Heap History (10 events):
Event: 193.235 GC heap before
{Heap before GC invocations=17 (full 4):
 PSYoungGen      total 345088K, used 15114K [0x00000000e0000000, 0x00000000f9300000, 0x0000000100000000)
  eden space 315392K, 0% used [0x00000000e0000000,0x00000000e0000000,0x00000000f3400000)
  from space 29696K, 50% used [0x00000000f3400000,0x00000000f42c29e8,0x00000000f5100000)
  to   space 28672K, 0% used [0x00000000f7700000,0x00000000f7700000,0x00000000f9300000)
 ParOldGen       total 150016K, used 71758K [0x00000000a0000000, 0x00000000a9280000, 0x00000000e0000000)
  object space 150016K, 47% used [0x00000000a0000000,0x00000000a4613888,0x00000000a9280000)
 Metaspace       used 94214K, capacity 98546K, committed 98560K, reserved 1134592K
  class space    used 12170K, capacity 13042K, committed 13056K, reserved 1048576K
Event: 193.447 GC heap after
Heap after GC invocations=17 (full 4):
 PSYoungGen      total 345088K, used 0K [0x00000000e0000000, 0x00000000f9300000, 0x0000000100000000)
  eden space 315392K, 0% used [0x00000000e0000000,0x00000000e0000000,0x00000000f3400000)
  from space 29696K, 0% used [0x00000000f3400000,0x00000000f3400000,0x00000000f5100000)
  to   space 28672K, 0% used [0x00000000f7700000,0x00000000f7700000,0x00000000f9300000)
 ParOldGen       total 248832K, used 73692K [0x00000000a0000000, 0x00000000af300000, 0x00000000e0000000)
  object space 248832K, 29% used [0x00000000a0000000,0x00000000a47f72c0,0x00000000af300000)
 Metaspace       used 93708K, capacity 97206K, committed 98560K, reserved 1134592K
  class space    used 11998K, capacity 12742K, committed 13056K, reserved 1048576K
}
Event: 195.600 GC heap before
{Heap before GC invocations=18 (full 4):
 PSYoungGen      total 345088K, used 315392K [0x00000000e0000000, 0x00000000f9300000, 0x0000000100000000)
  eden space 315392K, 100% used [0x00000000e0000000,0x00000000f3400000,0x00000000f3400000)
  from space 29696K, 0% used [0x00000000f3400000,0x00000000f3400000,0x00000000f5100000)
  to   space 28672K, 0% used [0x00000000f7700000,0x00000000f7700000,0x00000000f9300000)
 ParOldGen       total 248832K, used 73692K [0x00000000a0000000, 0x00000000af300000, 0x00000000e0000000)
  object space 248832K, 29% used [0x00000000a0000000,0x00000000a47f72c0,0x00000000af300000)
 Metaspace       used 97643K, capacity 101818K, committed 102272K, reserved 1138688K
  class space    used 12423K, capacity 13240K, committed 13440K, reserved 1048576K
Event: 195.637 GC heap after
Heap after GC invocations=18 (full 4):
 PSYoungGen      total 377856K, used 28651K [0x00000000e0000000, 0x00000000fac00000, 0x0000000100000000)
  eden space 349184K, 0% used [0x00000000e0000000,0x00000000e0000000,0x00000000f5500000)
  from space 28672K, 99% used [0x00000000f7700000,0x00000000f92faf68,0x00000000f9300000)
  to   space 34816K, 0% used [0x00000000f5500000,0x00000000f5500000,0x00000000f7700000)
 ParOldGen       total 248832K, used 79277K [0x00000000a0000000, 0x00000000af300000, 0x00000000e0000000)
  object space 248832K, 31% used [0x00000000a0000000,0x00000000a4d6b4d0,0x00000000af300000)
 Metaspace       used 97643K, capacity 101818K, committed 102272K, reserved 1138688K
  class space    used 12423K, capacity 13240K, committed 13440K, reserved 1048576K
}
Event: 242.165 GC heap before
{Heap before GC invocations=19 (full 4):
 PSYoungGen      total 377856K, used 377835K [0x00000000e0000000, 0x00000000fac00000, 0x0000000100000000)
  eden space 349184K, 100% used [0x00000000e0000000,0x00000000f5500000,0x00000000f5500000)
  from space 28672K, 99% used [0x00000000f7700000,0x00000000f92faf68,0x00000000f9300000)
  to   space 34816K, 0% used [0x00000000f5500000,0x00000000f5500000,0x00000000f7700000)
 ParOldGen       total 248832K, used 79277K [0x00000000a0000000, 0x00000000af300000, 0x00000000e0000000)
  object space 248832K, 31% used [0x00000000a0000000,0x00000000a4d6b4d0,0x00000000af300000)
 Metaspace       used 99558K, capacity 103894K, committed 104192K, reserved 1140736K
  class space    used 12655K, capacity 13494K, committed 13568K, reserved 1048576K
Event: 242.175 GC heap after
Heap after GC invocations=19 (full 4):
 PSYoungGen      total 384000K, used 6226K [0x00000000e0000000, 0x00000000fc680000, 0x0000000100000000)
  eden space 349184K, 0% used [0x00000000e0000000,0x00000000e0000000,0x00000000f5500000)
  from space 34816K, 17% used [0x00000000f5500000,0x00000000f5b14878,0x00000000f7700000)
  to   space 34304K, 0% used [0x00000000fa500000,0x00000000fa500000,0x00000000fc680000)
 ParOldGen       total 248832K, used 84001K [0x00000000a0000000, 0x00000000af300000, 0x00000000e0000000)
  object space 248832K, 33% used [0x00000000a0000000,0x00000000a5208788,0x00000000af300000)
 Metaspace       used 99558K, capacity 103894K, committed 104192K, reserved 1140736K
  class space    used 12655K, capacity 13494K, committed 13568K, reserved 1048576K
}
Event: 438.426 GC heap before
{Heap before GC invocations=20 (full 4):
 PSYoungGen      total 384000K, used 355410K [0x00000000e0000000, 0x00000000fc680000, 0x0000000100000000)
  eden space 349184K, 100% used [0x00000000e0000000,0x00000000f5500000,0x00000000f5500000)
  from space 34816K, 17% used [0x00000000f5500000,0x00000000f5b14878,0x00000000f7700000)
  to   space 34304K, 0% used [0x00000000fa500000,0x00000000fa500000,0x00000000fc680000)
 ParOldGen       total 248832K, used 84001K [0x00000000a0000000, 0x00000000af300000, 0x00000000e0000000)
  object space 248832K, 33% used [0x00000000a0000000,0x00000000a5208788,0x00000000af300000)
 Metaspace       used 101829K, capacity 106790K, committed 106880K, reserved 1142784K
  class space    used 12893K, capacity 13867K, committed 13952K, reserved 1048576K
Event: 438.438 GC heap after
Heap after GC invocations=20 (full 4):
 PSYoungGen      total 408576K, used 15261K [0x00000000e0000000, 0x00000000fba00000, 0x0000000100000000)
  eden space 387072K, 0% used [0x00000000e0000000,0x00000000e0000000,0x00000000f7a00000)
  from space 21504K, 70% used [0x00000000fa500000,0x00000000fb3e7458,0x00000000fba00000)
  to   space 32768K, 0% used [0x00000000f7a00000,0x00000000f7a00000,0x00000000f9a00000)
 ParOldGen       total 248832K, used 84009K [0x00000000a0000000, 0x00000000af300000, 0x00000000e0000000)
  object space 248832K, 33% used [0x00000000a0000000,0x00000000a520a788,0x00000000af300000)
 Metaspace       used 101829K, capacity 106790K, committed 106880K, reserved 1142784K
  class space    used 12893K, capacity 13867K, committed 13952K, reserved 1048576K
}
Event: 445.499 GC heap before
{Heap before GC invocations=21 (full 4):
 PSYoungGen      total 408576K, used 402333K [0x00000000e0000000, 0x00000000fba00000, 0x0000000100000000)
  eden space 387072K, 100% used [0x00000000e0000000,0x00000000f7a00000,0x00000000f7a00000)
  from space 21504K, 70% used [0x00000000fa500000,0x00000000fb3e7458,0x00000000fba00000)
  to   space 32768K, 0% used [0x00000000f7a00000,0x00000000f7a00000,0x00000000f9a00000)
 ParOldGen       total 248832K, used 84009K [0x00000000a0000000, 0x00000000af300000, 0x00000000e0000000)
  object space 248832K, 33% used [0x00000000a0000000,0x00000000a520a788,0x00000000af300000)
 Metaspace       used 102559K, capacity 107604K, committed 107904K, reserved 1142784K
  class space    used 12895K, capacity 13870K, committed 13952K, reserved 1048576K
Event: 445.525 GC heap after
Heap after GC invocations=21 (full 4):
 PSYoungGen      total 419840K, used 23020K [0x00000000e0000000, 0x00000000fd500000, 0x0000000100000000)
  eden space 387072K, 0% used [0x00000000e0000000,0x00000000e0000000,0x00000000f7a00000)
  from space 32768K, 70% used [0x00000000f7a00000,0x00000000f907b140,0x00000000f9a00000)
  to   space 33792K, 0% used [0x00000000fb400000,0x00000000fb400000,0x00000000fd500000)
 ParOldGen       total 248832K, used 84017K [0x00000000a0000000, 0x00000000af300000, 0x00000000e0000000)
  object space 248832K, 33% used [0x00000000a0000000,0x00000000a520c788,0x00000000af300000)
 Metaspace       used 102559K, capacity 107604K, committed 107904K, reserved 1142784K
  class space    used 12895K, capacity 13870K, committed 13952K, reserved 1048576K
}

